<?xml version="1.0" encoding="utf-8"?><testsuites name="pytest tests"><testsuite name="pytest" errors="0" failures="0" skipped="0" tests="72" time="2.176" timestamp="2026-09-15T12:36:43.523592+03:00" hostname="172.28.111.200-red.dhcp.yndx.net"><testcase classname="tests.test_api" name="test_registration_login_and_password_storage" time="0.141" /><testcase classname="tests.test_api" name="test_invalid_login[data0]" time="0.085" /><testcase classname="tests.test_api" name="test_invalid_login[data1]" time="0.085" /><testcase classname="tests.test_api" name="test_invalid_login[data2]" time="0.063" /><testcase classname="tests.test_api" name="test_invalid_login[data3]" time="0.060" /><testcase classname="tests.test_api" name="test_invalid_registration[data0]" time="0.011" /><testcase classname="tests.test_api" name="test_invalid_registration[data1]" time="0.009" /><testcase classname="tests.test_api" name="test_invalid_registration[data2]" time="0.010" /><testcase classname="tests.test_api" name="test_invalid_registration[data3]" time="0.009" /><testcase classname="tests.test_api" name="test_crud_redirect_stats_and_search" time="0.085" /><testcase classname="tests.test_api" name="test_owner_required_for_mutations" time="0.121" /><testcase classname="tests.test_api" name="test_supplied_invalid_auth_is_not_anonymous[Bearer invalid]" time="0.009" /><testcase classname="tests.test_api" name="test_supplied_invalid_auth_is_not_anonymous[Basic abc]" time="0.011" /><testcase classname="tests.test_api" name="test_supplied_invalid_auth_is_not_anonymous[Bearer]" time="0.009" /><testcase classname="tests.test_api" name="test_invalid_jwt_claims[expired]" time="0.009" /><testcase classname="tests.test_api" name="test_invalid_jwt_claims[missing_exp]" time="0.009" /><testcase classname="tests.test_api" name="test_invalid_jwt_claims[bad_issuer]" time="0.009" /><testcase classname="tests.test_api" name="test_invalid_jwt_claims[numeric_sub]" time="0.009" /><testcase classname="tests.test_api" name="test_invalid_jwt_claims[unknown_user]" time="0.010" /><testcase classname="tests.test_api" name="test_invalid_jwt_claims[wrong_signature]" time="0.009" /><testcase classname="tests.test_api" name="test_invalid_creation_payload[payload0]" time="0.009" /><testcase classname="tests.test_api" name="test_invalid_creation_payload[payload1]" time="0.009" /><testcase classname="tests.test_api" name="test_invalid_creation_payload[payload2]" time="0.009" /><testcase classname="tests.test_api" name="test_invalid_creation_payload[payload3]" time="0.009" /><testcase classname="tests.test_api" name="test_invalid_creation_payload[payload4]" time="0.009" /><testcase classname="tests.test_api" name="test_invalid_creation_payload[payload5]" time="0.011" /><testcase classname="tests.test_api" name="test_invalid_creation_payload[payload6]" time="0.009" /><testcase classname="tests.test_api" name="test_invalid_creation_payload[payload7]" time="0.009" /><testcase classname="tests.test_api" name="test_invalid_creation_payload[payload8]" time="0.009" /><testcase classname="tests.test_api" name="test_invalid_creation_payload[payload9]" time="0.009" /><testcase classname="tests.test_api" name="test_invalid_creation_payload[payload10]" time="0.009" /><testcase classname="tests.test_api" name="test_invalid_creation_payload[payload11]" time="0.009" /><testcase classname="tests.test_api" name="test_search_matches_normalized_url_and_multiple_links" time="0.016" /><testcase classname="tests.test_api" name="test_generated_codes_and_collision_retry" time="0.069" /><testcase classname="tests.test_api" name="test_alias_conflict" time="0.013" /><testcase classname="tests.test_api" name="test_missing_redirects[/links/no-such-link]" time="0.011" /><testcase classname="tests.test_api" name="test_missing_redirects[/links/a]" time="0.009" /><testcase classname="tests.test_api" name="test_missing_redirects[/links/aaaaaaaaaaaaaaaaaaaaaaaaaaaaaaaaa]" time="0.012" /><testcase classname="tests.test_api" name="test_missing_redirects[/no-such-link]" time="0.011" /><testcase classname="tests.test_api" name="test_invalid_update_keeps_destination" time="0.065" /><testcase classname="tests.test_api" name="test_concurrent_redirects_have_no_lost_clicks" time="0.127" /><testcase classname="tests.test_api" name="test_stale_cache_after_update_and_alias_reuse" time="0.081" /><testcase classname="tests.test_api" name="test_redis_outage_and_recovery" time="0.071" /><testcase classname="tests.test_api" name="test_deleted_between_ownership_check_and_write[PUT]" time="0.067" /><testcase classname="tests.test_api" name="test_deleted_between_ownership_check_and_write[DELETE]" time="0.066" /><testcase classname="tests.test_api" name="test_restart_preserves_links" time="0.021" /><testcase classname="tests.test_cache" name="test_roundtrip_and_invalidation" time="0.001" /><testcase classname="tests.test_cache" name="test_corrupt_or_expired_cache_is_a_miss[{broken-json]" time="0.001" /><testcase classname="tests.test_cache" name="test_corrupt_or_expired_cache_is_a_miss[null]" time="0.001" /><testcase classname="tests.test_cache" name="test_corrupt_or_expired_cache_is_a_miss[[]]" time="0.001" /><testcase classname="tests.test_cache" name="test_corrupt_or_expired_cache_is_a_miss[{}]" time="0.001" /><testcase classname="tests.test_cache" name="test_corrupt_or_expired_cache_is_a_miss[{&quot;id&quot;: 123, &quot;revision&quot;: 1, &quot;original_url&quot;: &quot;https://example.org/&quot;, &quot;expires_at&quot;: null}]" time="0.001" /><testcase classname="tests.test_cache" name="test_corrupt_or_expired_cache_is_a_miss[{&quot;id&quot;: &quot;a&quot;, &quot;revision&quot;: &quot;1&quot;, &quot;original_url&quot;: &quot;https://example.org/&quot;, &quot;expires_at&quot;: null}]" time="0.001" /><testcase classname="tests.test_cache" name="test_corrupt_or_expired_cache_is_a_miss[{&quot;id&quot;: &quot;a&quot;, &quot;revision&quot;: 1, &quot;original_url&quot;: 123, &quot;expires_at&quot;: null}]" time="0.001" /><testcase classname="tests.test_cache" name="test_corrupt_or_expired_cache_is_a_miss[{&quot;id&quot;: &quot;a&quot;, &quot;revision&quot;: 1, &quot;original_url&quot;: &quot;https://example.org/&quot;, &quot;expires_at&quot;: &quot;not-a-date&quot;}]" time="0.001" /><testcase classname="tests.test_cache" name="test_corrupt_or_expired_cache_is_a_miss[{&quot;id&quot;: &quot;a&quot;, &quot;revision&quot;: 1, &quot;original_url&quot;: &quot;https://example.org/&quot;, &quot;expires_at&quot;: 1}]" time="0.001" /><testcase classname="tests.test_cache" name="test_ttl_never_outlives_link" time="0.001" /><testcase classname="tests.test_cache" name="test_cache_failures_do_not_prevent_db_fallback" time="0.001" /><testcase classname="tests.test_config" name="test_missing_or_placeholder_secret_is_rejected[]" time="0.000" /><testcase classname="tests.test_config" name="test_missing_or_placeholder_secret_is_rejected[too-short]" time="0.000" /><testcase classname="tests.test_config" name="test_missing_or_placeholder_secret_is_rejected[replace-with-at-least-32-random-characters]" time="0.000" /><testcase classname="tests.test_config" name="test_environment_configuration_and_defaults" time="0.000" /><testcase classname="tests.test_config" name="test_expiration_normalizes_timezone_and_accepts_none" time="0.000" /><testcase classname="tests.test_expiration" name="test_expired_link_is_not_accessible[redirect]" time="0.069" /><testcase classname="tests.test_expiration" name="test_expired_link_is_not_accessible[stats]" time="0.068" /><testcase classname="tests.test_expiration" name="test_expired_link_is_not_accessible[update]" time="0.068" /><testcase classname="tests.test_expiration" name="test_expired_link_is_not_accessible[delete]" time="0.068" /><testcase classname="tests.test_expiration" name="test_expired_link_is_not_accessible[search]" time="0.069" /><testcase classname="tests.test_expiration" name="test_expired_alias_can_be_recreated" time="0.016" /><testcase classname="tests.test_expiration" name="test_startup_removes_expired_rows" time="0.012" /><testcase classname="tests.test_expiration" name="test_background_cleanup_recovers_after_database_error" time="0.054" /><testcase classname="tests.test_expiration" name="test_health_reports_dependency_failures" time="0.013" /></testsuite></testsuites>